# JRE version: OpenJDK Runtime Environment Temurin-17.0.12+7 (17.0.12+7) (build 17.0.12+7)
# Java VM: OpenJDK 64-Bit Server VM Temurin-17.0.12+7 (17.0.12+7, mixed mode, tiered, compressed oops, compressed class ptrs, g1 gc, windows-amd64)
GC Precious Log:
 CPUs: 8 total, 8 available
 Memory: 12121M
 Large Page Support: Disabled
 NUMA Support: Disabled
 Compressed Oops: Enabled (Zero based)
 Heap Region Size: 2M
 Heap Min Capacity: 8M
 Heap Initial Capacity: 190M
 Heap Max Capacity: 4G
 Pre-touch: Disabled
 Parallel Workers: 8
 Concurrent Workers: 2
 Concurrent Refinement Workers: 8
 Periodic GC: Disabled
Heap:
 garbage-first heap   total 581632K, used 276480K [0x0000000700000000, 0x0000000800000000)
  region size 2048K, 13 young (26624K), 13 survivors (26624K)
 Metaspace       used 111551K, committed 113088K, reserved 1179648K
  class space    used 15018K, committed 15744K, reserved 1048576K
GC Heap History (20 events):
Event: 62.554 GC heap after
{Heap after GC invocations=55 (full 0):
 garbage-first heap   total 327680K, used 189464K [0x0000000700000000, 0x0000000800000000)
  region size 2048K, 4 young (8192K), 4 survivors (8192K)
 Metaspace       used 99995K, committed 101184K, reserved 1179648K
  class space    used 13744K, committed 14272K, reserved 1048576K
}
Event: 62.699 GC heap before
{Heap before GC invocations=55 (full 0):
 garbage-first heap   total 327680K, used 197656K [0x0000000700000000, 0x0000000800000000)
  region size 2048K, 8 young (16384K), 4 survivors (8192K)
 Metaspace       used 100228K, committed 101440K, reserved 1179648K
  class space    used 13784K, committed 14336K, reserved 1048576K
}
Event: 62.713 GC heap after
{Heap after GC invocations=56 (full 0):
 garbage-first heap   total 327680K, used 189470K [0x0000000700000000, 0x0000000800000000)
  region size 2048K, 1 young (2048K), 1 survivors (2048K)
 Metaspace       used 100228K, committed 101440K, reserved 1179648K
  class space    used 13784K, committed 14336K, reserved 1048576K
}
Event: 64.173 GC heap before
{Heap before GC invocations=56 (full 0):
 garbage-first heap   total 327680K, used 259102K [0x0000000700000000, 0x0000000800000000)
  region size 2048K, 35 young (71680K), 1 survivors (2048K)
 Metaspace       used 103519K, committed 104704K, reserved 1179648K
  class space    used 14253K, committed 14784K, reserved 1048576K
}
Event: 64.186 GC heap after
{Heap after GC invocations=57 (full 0):
 garbage-first heap   total 581632K, used 192638K [0x0000000700000000, 0x0000000800000000)
  region size 2048K, 3 young (6144K), 3 survivors (6144K)
 Metaspace       used 103519K, committed 104704K, reserved 1179648K
  class space    used 14253K, committed 14784K, reserved 1048576K
}
Event: 67.126 GC heap before
{Heap before GC invocations=58 (full 0):
 garbage-first heap   total 581632K, used 407678K [0x0000000700000000, 0x0000000800000000)
  region size 2048K, 108 young (221184K), 3 survivors (6144K)
 Metaspace       used 105476K, committed 106752K, reserved 1179648K
  class space    used 14504K, committed 15104K, reserved 1048576K
}
Event: 67.184 GC heap after
{Heap after GC invocations=59 (full 0):
 garbage-first heap   total 581632K, used 218493K [0x0000000700000000, 0x0000000800000000)
  region size 2048K, 14 young (28672K), 14 survivors (28672K)
 Metaspace       used 105476K, committed 106752K, reserved 1179648K
  class space    used 14504K, committed 15104K, reserved 1048576K
}
Event: 67.205 GC heap before
{Heap before GC invocations=59 (full 0):
 garbage-first heap   total 581632K, used 220541K [0x0000000700000000, 0x0000000800000000)
  region size 2048K, 15 young (30720K), 14 survivors (28672K)
 Metaspace       used 105476K, committed 106752K, reserved 1179648K
  class space    used 14504K, committed 15104K, reserved 1048576K
}
Event: 67.244 GC heap after
{Heap after GC invocations=60 (full 0):
 garbage-first heap   total 581632K, used 222117K [0x0000000700000000, 0x0000000800000000)
  region size 2048K, 2 young (4096K), 2 survivors (4096K)
 Metaspace       used 105476K, committed 106752K, reserved 1179648K
  class space    used 14504K, committed 15104K, reserved 1048576K
}
Event: 89.387 GC heap before
{Heap before GC invocations=60 (full 0):
 garbage-first heap   total 581632K, used 422821K [0x0000000700000000, 0x0000000800000000)
  region size 2048K, 101 young (206848K), 2 survivors (4096K)
 Metaspace       used 109927K, committed 111296K, reserved 1179648K
  class space    used 14906K, committed 15552K, reserved 1048576K
}
Event: 89.413 GC heap after
{Heap after GC invocations=61 (full 0):
 garbage-first heap   total 581632K, used 233812K [0x0000000700000000, 0x0000000800000000)
  region size 2048K, 8 young (16384K), 8 survivors (16384K)
 Metaspace       used 109927K, committed 111296K, reserved 1179648K
  class space    used 14906K, committed 15552K, reserved 1048576K
}
Event: 91.867 GC heap before
{Heap before GC invocations=61 (full 0):
 garbage-first heap   total 581632K, used 438612K [0x0000000700000000, 0x0000000800000000)
  region size 2048K, 109 young (223232K), 8 survivors (16384K)
 Metaspace       used 110437K, committed 111936K, reserved 1179648K
  class space    used 14956K, committed 15616K, reserved 1048576K
}
Event: 91.916 GC heap after
{Heap after GC invocations=62 (full 0):
 garbage-first heap   total 581632K, used 253099K [0x0000000700000000, 0x0000000800000000)
  region size 2048K, 10 young (20480K), 10 survivors (20480K)
 Metaspace       used 110437K, committed 111936K, reserved 1179648K
  class space    used 14956K, committed 15616K, reserved 1048576K
}
Event: 95.851 GC heap before
{Heap before GC invocations=62 (full 0):
 garbage-first heap   total 581632K, used 453803K [0x0000000700000000, 0x0000000800000000)
  region size 2048K, 108 young (221184K), 10 survivors (20480K)
 Metaspace       used 110963K, committed 112512K, reserved 1179648K
  class space    used 14990K, committed 15680K, reserved 1048576K
}
Event: 95.880 GC heap after
{Heap after GC invocations=63 (full 0):
 garbage-first heap   total 581632K, used 278147K [0x0000000700000000, 0x0000000800000000)
  region size 2048K, 13 young (26624K), 13 survivors (26624K)
 Metaspace       used 110963K, committed 112512K, reserved 1179648K
  class space    used 14990K, committed 15680K, reserved 1048576K
}
Event: 96.860 GC heap before
{Heap before GC invocations=64 (full 0):
 garbage-first heap   total 581632K, used 458371K [0x0000000700000000, 0x0000000800000000)
  region size 2048K, 101 young (206848K), 13 survivors (26624K)
 Metaspace       used 111140K, committed 112640K, reserved 1179648K
  class space    used 14993K, committed 15680K, reserved 1048576K
}
Event: 96.885 GC heap after
{Heap after GC invocations=65 (full 0):
 garbage-first heap   total 581632K, used 296019K [0x0000000700000000, 0x0000000800000000)
  region size 2048K, 10 young (20480K), 10 survivors (20480K)
 Metaspace       used 111140K, committed 112640K, reserved 1179648K
  class space    used 14993K, committed 15680K, reserved 1048576K
}
Event: 96.920 GC heap before
{Heap before GC invocations=65 (full 0):
 garbage-first heap   total 581632K, used 304211K [0x0000000700000000, 0x0000000800000000)
  region size 2048K, 14 young (28672K), 10 survivors (20480K)
 Metaspace       used 111140K, committed 112640K, reserved 1179648K
  class space    used 14993K, committed 15680K, reserved 1048576K
}
Event: 96.942 GC heap after
{Heap after GC invocations=66 (full 0):
 garbage-first heap   total 581632K, used 247662K [0x0000000700000000, 0x0000000800000000)
  region size 2048K, 2 young (4096K), 2 survivors (4096K)
 Metaspace       used 111140K, committed 112640K, reserved 1179648K
  class space    used 14993K, committed 15680K, reserved 1048576K
}
Event: 98.136 GC heap before
{Heap before GC invocations=66 (full 0):
 garbage-first heap   total 581632K, used 454510K [0x0000000700000000, 0x0000000800000000)
  region size 2048K, 103 young (210944K), 2 survivors (4096K)
 Metaspace       used 111551K, committed 113088K, reserved 1179648K
  class space    used 15018K, committed 15744K, reserved 1048576K
}

