# JRE version: OpenJDK Runtime Environment Temurin-17.0.12+7 (17.0.12+7) (build 17.0.12+7)
# Java VM: OpenJDK 64-Bit Server VM Temurin-17.0.12+7 (17.0.12+7, mixed mode, tiered, compressed oops, compressed class ptrs, g1 gc, windows-amd64)
GC Precious Log:
 CPUs: 8 total, 8 available
 Memory: 12121M
 Large Page Support: Disabled
 NUMA Support: Disabled
 Compressed Oops: Enabled (Zero based)
 Heap Region Size: 2M
 Heap Min Capacity: 8M
 Heap Initial Capacity: 190M
 Heap Max Capacity: 4G
 Pre-touch: Disabled
 Parallel Workers: 8
 Concurrent Workers: 2
 Concurrent Refinement Workers: 8
 Periodic GC: Disabled
Heap:
 garbage-first heap   total 75776K, used 53106K [0x0000000700000000, 0x0000000800000000)
  region size 2048K, 13 young (26624K), 2 survivors (4096K)
 Metaspace       used 50905K, committed 51520K, reserved 1114112K
  class space    used 6947K, committed 7232K, reserved 1048576K
GC Heap History (20 events):
Event: 8.102 GC heap before
{Heap before GC invocations=3 (full 0):
 garbage-first heap   total 194560K, used 26659K [0x0000000700000000, 0x0000000800000000)
  region size 2048K, 9 young (18432K), 4 survivors (8192K)
 Metaspace       used 21317K, committed 21504K, reserved 1114112K
  class space    used 2775K, committed 2880K, reserved 1048576K
}
Event: 8.108 GC heap after
{Heap after GC invocations=4 (full 0):
 garbage-first heap   total 194560K, used 19362K [0x0000000700000000, 0x0000000800000000)
  region size 2048K, 5 young (10240K), 5 survivors (10240K)
 Metaspace       used 21317K, committed 21504K, reserved 1114112K
  class space    used 2775K, committed 2880K, reserved 1048576K
}
Event: 9.970 GC heap before
{Heap before GC invocations=5 (full 0):
 garbage-first heap   total 75776K, used 54178K [0x0000000700000000, 0x0000000800000000)
  region size 2048K, 22 young (45056K), 5 survivors (10240K)
 Metaspace       used 26654K, committed 27008K, reserved 1114112K
  class space    used 3654K, committed 3840K, reserved 1048576K
}
Event: 9.981 GC heap after
{Heap after GC invocations=6 (full 0):
 garbage-first heap   total 75776K, used 21124K [0x0000000700000000, 0x0000000800000000)
  region size 2048K, 2 young (4096K), 2 survivors (4096K)
 Metaspace       used 26654K, committed 27008K, reserved 1114112K
  class space    used 3654K, committed 3840K, reserved 1048576K
}
Event: 10.082 GC heap before
{Heap before GC invocations=6 (full 0):
 garbage-first heap   total 75776K, used 23172K [0x0000000700000000, 0x0000000800000000)
  region size 2048K, 3 young (6144K), 2 survivors (4096K)
 Metaspace       used 26884K, committed 27200K, reserved 1114112K
  class space    used 3690K, committed 3840K, reserved 1048576K
}
Event: 10.086 GC heap after
{Heap after GC invocations=7 (full 0):
 garbage-first heap   total 75776K, used 21566K [0x0000000700000000, 0x0000000800000000)
  region size 2048K, 1 young (2048K), 1 survivors (2048K)
 Metaspace       used 26884K, committed 27200K, reserved 1114112K
  class space    used 3690K, committed 3840K, reserved 1048576K
}
Event: 11.430 GC heap before
{Heap before GC invocations=7 (full 0):
 garbage-first heap   total 75776K, used 52286K [0x0000000700000000, 0x0000000800000000)
  region size 2048K, 16 young (32768K), 1 survivors (2048K)
 Metaspace       used 31336K, committed 31680K, reserved 1114112K
  class space    used 4396K, committed 4544K, reserved 1048576K
}
Event: 11.433 GC heap after
{Heap after GC invocations=8 (full 0):
 garbage-first heap   total 75776K, used 22564K [0x0000000700000000, 0x0000000800000000)
  region size 2048K, 1 young (2048K), 1 survivors (2048K)
 Metaspace       used 31336K, committed 31680K, reserved 1114112K
  class space    used 4396K, committed 4544K, reserved 1048576K
}
Event: 12.188 GC heap before
{Heap before GC invocations=8 (full 0):
 garbage-first heap   total 75776K, used 34852K [0x0000000700000000, 0x0000000800000000)
  region size 2048K, 9 young (18432K), 1 survivors (2048K)
 Metaspace       used 35698K, committed 35968K, reserved 1114112K
  class space    used 4877K, committed 4992K, reserved 1048576K
}
Event: 12.193 GC heap after
{Heap after GC invocations=9 (full 0):
 garbage-first heap   total 75776K, used 25029K [0x0000000700000000, 0x0000000800000000)
  region size 2048K, 2 young (4096K), 2 survivors (4096K)
 Metaspace       used 35698K, committed 35968K, reserved 1114112K
  class space    used 4877K, committed 4992K, reserved 1048576K
}
Event: 13.012 GC heap before
{Heap before GC invocations=10 (full 0):
 garbage-first heap   total 75776K, used 53701K [0x0000000700000000, 0x0000000800000000)
  region size 2048K, 17 young (34816K), 2 survivors (4096K)
 Metaspace       used 37962K, committed 38336K, reserved 1114112K
  class space    used 5135K, committed 5312K, reserved 1048576K
}
Event: 13.019 GC heap after
{Heap after GC invocations=11 (full 0):
 garbage-first heap   total 75776K, used 28571K [0x0000000700000000, 0x0000000800000000)
  region size 2048K, 3 young (6144K), 3 survivors (6144K)
 Metaspace       used 37962K, committed 38336K, reserved 1114112K
  class space    used 5135K, committed 5312K, reserved 1048576K
}
Event: 13.963 GC heap before
{Heap before GC invocations=11 (full 0):
 garbage-first heap   total 75776K, used 59291K [0x0000000700000000, 0x0000000800000000)
  region size 2048K, 17 young (34816K), 3 survivors (6144K)
 Metaspace       used 39945K, committed 40320K, reserved 1114112K
  class space    used 5330K, committed 5504K, reserved 1048576K
}
Event: 13.972 GC heap after
{Heap after GC invocations=12 (full 0):
 garbage-first heap   total 75776K, used 30127K [0x0000000700000000, 0x0000000800000000)
  region size 2048K, 2 young (4096K), 2 survivors (4096K)
 Metaspace       used 39945K, committed 40320K, reserved 1114112K
  class space    used 5330K, committed 5504K, reserved 1048576K
}
Event: 14.688 GC heap before
{Heap before GC invocations=12 (full 0):
 garbage-first heap   total 75776K, used 52655K [0x0000000700000000, 0x0000000800000000)
  region size 2048K, 14 young (28672K), 2 survivors (4096K)
 Metaspace       used 41430K, committed 41920K, reserved 1114112K
  class space    used 5547K, committed 5760K, reserved 1048576K
}
Event: 14.693 GC heap after
{Heap after GC invocations=13 (full 0):
 garbage-first heap   total 75776K, used 31853K [0x0000000700000000, 0x0000000800000000)
  region size 2048K, 1 young (2048K), 1 survivors (2048K)
 Metaspace       used 41430K, committed 41920K, reserved 1114112K
  class space    used 5547K, committed 5760K, reserved 1048576K
}
Event: 15.399 GC heap before
{Heap before GC invocations=13 (full 0):
 garbage-first heap   total 75776K, used 58477K [0x0000000700000000, 0x0000000800000000)
  region size 2048K, 14 young (28672K), 1 survivors (2048K)
 Metaspace       used 44892K, committed 45376K, reserved 1114112K
  class space    used 6039K, committed 6272K, reserved 1048576K
}
Event: 15.404 GC heap after
{Heap after GC invocations=14 (full 0):
 garbage-first heap   total 75776K, used 33138K [0x0000000700000000, 0x0000000800000000)
  region size 2048K, 2 young (4096K), 2 survivors (4096K)
 Metaspace       used 44892K, committed 45376K, reserved 1114112K
  class space    used 6039K, committed 6272K, reserved 1048576K
}
Event: 16.190 GC heap before
{Heap before GC invocations=14 (full 0):
 garbage-first heap   total 75776K, used 55666K [0x0000000700000000, 0x0000000800000000)
  region size 2048K, 14 young (28672K), 2 survivors (4096K)
 Metaspace       used 48524K, committed 49088K, reserved 1114112K
  class space    used 6602K, committed 6912K, reserved 1048576K
}
Event: 16.195 GC heap after
{Heap after GC invocations=15 (full 0):
 garbage-first heap   total 75776K, used 34674K [0x0000000700000000, 0x0000000800000000)
  region size 2048K, 2 young (4096K), 2 survivors (4096K)
 Metaspace       used 48524K, committed 49088K, reserved 1114112K
  class space    used 6602K, committed 6912K, reserved 1048576K
}

