# JRE version: OpenJDK Runtime Environment Temurin-17.0.12+7 (17.0.12+7) (build 17.0.12+7)
# Java VM: OpenJDK 64-Bit Server VM Temurin-17.0.12+7 (17.0.12+7, mixed mode, tiered, compressed oops, compressed class ptrs, g1 gc, windows-amd64)
GC Precious Log:
 CPUs: 8 total, 8 available
 Memory: 12121M
 Large Page Support: Disabled
 NUMA Support: Disabled
 Compressed Oops: Enabled (Zero based)
 Heap Region Size: 2M
 Heap Min Capacity: 8M
 Heap Initial Capacity: 190M
 Heap Max Capacity: 4G
 Pre-touch: Disabled
 Parallel Workers: 8
 Concurrent Workers: 2
 Concurrent Refinement Workers: 8
 Periodic GC: Disabled
Heap:
 garbage-first heap   total 75776K, used 27785K [0x0000000700000000, 0x0000000800000000)
  region size 2048K, 4 young (8192K), 1 survivors (2048K)
 Metaspace       used 37536K, committed 38016K, reserved 1114112K
  class space    used 5137K, committed 5376K, reserved 1048576K
GC Heap History (14 events):
Event: 1.858 GC heap before
{Heap before GC invocations=0 (full 0):
 garbage-first heap   total 194560K, used 26624K [0x0000000700000000, 0x0000000800000000)
  region size 2048K, 11 young (22528K), 0 survivors (0K)
 Metaspace       used 8946K, committed 9152K, reserved 1114112K
  class space    used 990K, committed 1088K, reserved 1048576K
}
Event: 1.955 GC heap after
{Heap after GC invocations=1 (full 0):
 garbage-first heap   total 194560K, used 10193K [0x0000000700000000, 0x0000000800000000)
  region size 2048K, 2 young (4096K), 2 survivors (4096K)
 Metaspace       used 8946K, committed 9152K, reserved 1114112K
  class space    used 990K, committed 1088K, reserved 1048576K
}
Event: 3.094 GC heap before
{Heap before GC invocations=1 (full 0):
 garbage-first heap   total 194560K, used 34769K [0x0000000700000000, 0x0000000800000000)
  region size 2048K, 14 young (28672K), 2 survivors (4096K)
 Metaspace       used 9868K, committed 10048K, reserved 1114112K
  class space    used 1088K, committed 1216K, reserved 1048576K
}
Event: 3.099 GC heap after
{Heap after GC invocations=2 (full 0):
 garbage-first heap   total 194560K, used 10736K [0x0000000700000000, 0x0000000800000000)
  region size 2048K, 1 young (2048K), 1 survivors (2048K)
 Metaspace       used 9868K, committed 10048K, reserved 1114112K
  class space    used 1088K, committed 1216K, reserved 1048576K
}
Event: 5.682 GC heap before
{Heap before GC invocations=2 (full 0):
 garbage-first heap   total 194560K, used 74224K [0x0000000700000000, 0x0000000800000000)
  region size 2048K, 33 young (67584K), 1 survivors (2048K)
 Metaspace       used 21212K, committed 21504K, reserved 1114112K
  class space    used 2763K, committed 2944K, reserved 1048576K
}
Event: 5.691 GC heap after
{Heap after GC invocations=3 (full 0):
 garbage-first heap   total 194560K, used 18722K [0x0000000700000000, 0x0000000800000000)
  region size 2048K, 5 young (10240K), 5 survivors (10240K)
 Metaspace       used 21212K, committed 21504K, reserved 1114112K
  class space    used 2763K, committed 2944K, reserved 1048576K
}
Event: 9.048 GC heap before
{Heap before GC invocations=4 (full 0):
 garbage-first heap   total 75776K, used 53538K [0x0000000700000000, 0x0000000800000000)
  region size 2048K, 22 young (45056K), 5 survivors (10240K)
 Metaspace       used 26648K, committed 27008K, reserved 1114112K
  class space    used 3690K, committed 3840K, reserved 1048576K
}
Event: 9.060 GC heap after
{Heap after GC invocations=5 (full 0):
 garbage-first heap   total 75776K, used 21207K [0x0000000700000000, 0x0000000800000000)
  region size 2048K, 2 young (4096K), 2 survivors (4096K)
 Metaspace       used 26648K, committed 27008K, reserved 1114112K
  class space    used 3690K, committed 3840K, reserved 1048576K
}
Event: 9.079 GC heap before
{Heap before GC invocations=5 (full 0):
 garbage-first heap   total 75776K, used 23255K [0x0000000700000000, 0x0000000800000000)
  region size 2048K, 3 young (6144K), 2 survivors (4096K)
 Metaspace       used 26671K, committed 27008K, reserved 1114112K
  class space    used 3696K, committed 3840K, reserved 1048576K
}
Event: 9.085 GC heap after
{Heap after GC invocations=6 (full 0):
 garbage-first heap   total 75776K, used 21885K [0x0000000700000000, 0x0000000800000000)
  region size 2048K, 1 young (2048K), 1 survivors (2048K)
 Metaspace       used 26671K, committed 27008K, reserved 1114112K
  class space    used 3696K, committed 3840K, reserved 1048576K
}
Event: 10.720 GC heap before
{Heap before GC invocations=6 (full 0):
 garbage-first heap   total 75776K, used 52605K [0x0000000700000000, 0x0000000800000000)
  region size 2048K, 16 young (32768K), 1 survivors (2048K)
 Metaspace       used 31116K, committed 31488K, reserved 1114112K
  class space    used 4311K, committed 4480K, reserved 1048576K
}
Event: 10.723 GC heap after
{Heap after GC invocations=7 (full 0):
 garbage-first heap   total 75776K, used 23863K [0x0000000700000000, 0x0000000800000000)
  region size 2048K, 2 young (4096K), 2 survivors (4096K)
 Metaspace       used 31116K, committed 31488K, reserved 1114112K
  class space    used 4311K, committed 4480K, reserved 1048576K
}
Event: 11.821 GC heap before
{Heap before GC invocations=7 (full 0):
 garbage-first heap   total 75776K, used 46391K [0x0000000700000000, 0x0000000800000000)
  region size 2048K, 15 young (30720K), 2 survivors (4096K)
 Metaspace       used 35547K, committed 35968K, reserved 1114112K
  class space    used 4907K, committed 5120K, reserved 1048576K
}
Event: 11.826 GC heap after
{Heap after GC invocations=8 (full 0):
 garbage-first heap   total 75776K, used 25737K [0x0000000700000000, 0x0000000800000000)
  region size 2048K, 1 young (2048K), 1 survivors (2048K)
 Metaspace       used 35547K, committed 35968K, reserved 1114112K
  class space    used 4907K, committed 5120K, reserved 1048576K
}

