# JRE version: OpenJDK Runtime Environment Temurin-17.0.12+7 (17.0.12+7) (build 17.0.12+7)
# Java VM: OpenJDK 64-Bit Server VM Temurin-17.0.12+7 (17.0.12+7, mixed mode, tiered, compressed oops, compressed class ptrs, parallel gc, windows-amd64)
GC Precious Log:
 CPUs: 8 total, 8 available
 Memory: 12121M
 Large Page Support: Disabled
 NUMA Support: Disabled
 Compressed Oops: Enabled (32-bit)
 Alignments: Space 512K, Generation 512K, Heap 2M
 Heap Min Capacity: 100M
 Heap Initial Capacity: 100M
 Heap Max Capacity: 1G
 Pre-touch: Disabled
 Parallel Workers: 8
Heap:
 PSYoungGen      total 13312K, used 1249K [0x00000000eab00000, 0x00000000eb980000, 0x0000000100000000)
  eden space 12800K, 6% used [0x00000000eab00000,0x00000000eabda6d0,0x00000000eb780000)
  from space 512K, 73% used [0x00000000eb880000,0x00000000eb8de038,0x00000000eb900000)
  to   space 512K, 0% used [0x00000000eb900000,0x00000000eb900000,0x00000000eb980000)
 ParOldGen       total 68608K, used 47271K [0x00000000c0000000, 0x00000000c4300000, 0x00000000eab00000)
  object space 68608K, 68% used [0x00000000c0000000,0x00000000c2e29d58,0x00000000c4300000)
 Metaspace       used 74535K, committed 75712K, reserved 1179648K
  class space    used 9139K, committed 9664K, reserved 1048576K
GC Heap History (20 events):
Event: 153.350 GC heap before
{Heap before GC invocations=125 (full 3):
 PSYoungGen      total 14336K, used 13984K [0x00000000eab00000, 0x00000000eba00000, 0x0000000100000000)
  eden space 13824K, 100% used [0x00000000eab00000,0x00000000eb880000,0x00000000eb880000)
  from space 512K, 31% used [0x00000000eb880000,0x00000000eb8a8000,0x00000000eb900000)
  to   space 512K, 0% used [0x00000000eb980000,0x00000000eb980000,0x00000000eba00000)
 ParOldGen       total 68608K, used 45106K [0x00000000c0000000, 0x00000000c4300000, 0x00000000eab00000)
  object space 68608K, 65% used [0x00000000c0000000,0x00000000c2c0c8e8,0x00000000c4300000)
 Metaspace       used 72695K, committed 73728K, reserved 1114112K
  class space    used 8892K, committed 9344K, reserved 1048576K
}
Event: 153.350 GC heap after
{Heap after GC invocations=125 (full 3):
 PSYoungGen      total 14336K, used 160K [0x00000000eab00000, 0x00000000eba00000, 0x0000000100000000)
  eden space 13824K, 0% used [0x00000000eab00000,0x00000000eab00000,0x00000000eb880000)
  from space 512K, 31% used [0x00000000eb980000,0x00000000eb9a8000,0x00000000eba00000)
  to   space 512K, 0% used [0x00000000eb880000,0x00000000eb880000,0x00000000eb900000)
 ParOldGen       total 68608K, used 45106K [0x00000000c0000000, 0x00000000c4300000, 0x00000000eab00000)
  object space 68608K, 65% used [0x00000000c0000000,0x00000000c2c0c8e8,0x00000000c4300000)
 Metaspace       used 72695K, committed 73728K, reserved 1114112K
  class space    used 8892K, committed 9344K, reserved 1048576K
}
Event: 153.385 GC heap before
{Heap before GC invocations=126 (full 3):
 PSYoungGen      total 14336K, used 13984K [0x00000000eab00000, 0x00000000eba00000, 0x0000000100000000)
  eden space 13824K, 100% used [0x00000000eab00000,0x00000000eb880000,0x00000000eb880000)
  from space 512K, 31% used [0x00000000eb980000,0x00000000eb9a8000,0x00000000eba00000)
  to   space 512K, 0% used [0x00000000eb880000,0x00000000eb880000,0x00000000eb900000)
 ParOldGen       total 68608K, used 45106K [0x00000000c0000000, 0x00000000c4300000, 0x00000000eab00000)
  object space 68608K, 65% used [0x00000000c0000000,0x00000000c2c0c8e8,0x00000000c4300000)
 Metaspace       used 72695K, committed 73728K, reserved 1114112K
  class space    used 8892K, committed 9344K, reserved 1048576K
}
Event: 153.386 GC heap after
{Heap after GC invocations=126 (full 3):
 PSYoungGen      total 14336K, used 192K [0x00000000eab00000, 0x00000000eba00000, 0x0000000100000000)
  eden space 13824K, 0% used [0x00000000eab00000,0x00000000eab00000,0x00000000eb880000)
  from space 512K, 37% used [0x00000000eb880000,0x00000000eb8b0000,0x00000000eb900000)
  to   space 512K, 0% used [0x00000000eb980000,0x00000000eb980000,0x00000000eba00000)
 ParOldGen       total 68608K, used 45130K [0x00000000c0000000, 0x00000000c4300000, 0x00000000eab00000)
  object space 68608K, 65% used [0x00000000c0000000,0x00000000c2c128e8,0x00000000c4300000)
 Metaspace       used 72695K, committed 73728K, reserved 1114112K
  class space    used 8892K, committed 9344K, reserved 1048576K
}
Event: 180.874 GC heap before
{Heap before GC invocations=127 (full 3):
 PSYoungGen      total 14336K, used 14015K [0x00000000eab00000, 0x00000000eba00000, 0x0000000100000000)
  eden space 13824K, 99% used [0x00000000eab00000,0x00000000eb87ffd0,0x00000000eb880000)
  from space 512K, 37% used [0x00000000eb880000,0x00000000eb8b0000,0x00000000eb900000)
  to   space 512K, 0% used [0x00000000eb980000,0x00000000eb980000,0x00000000eba00000)
 ParOldGen       total 68608K, used 45130K [0x00000000c0000000, 0x00000000c4300000, 0x00000000eab00000)
  object space 68608K, 65% used [0x00000000c0000000,0x00000000c2c128e8,0x00000000c4300000)
 Metaspace       used 73058K, committed 74176K, reserved 1114112K
  class space    used 8950K, committed 9408K, reserved 1048576K
}
Event: 180.876 GC heap after
{Heap after GC invocations=127 (full 3):
 PSYoungGen      total 13312K, used 509K [0x00000000eab00000, 0x00000000ebc80000, 0x0000000100000000)
  eden space 12800K, 0% used [0x00000000eab00000,0x00000000eab00000,0x00000000eb780000)
  from space 512K, 99% used [0x00000000eb980000,0x00000000eb9ff7b8,0x00000000eba00000)
  to   space 2048K, 0% used [0x00000000eb780000,0x00000000eb780000,0x00000000eb980000)
 ParOldGen       total 68608K, used 46194K [0x00000000c0000000, 0x00000000c4300000, 0x00000000eab00000)
  object space 68608K, 67% used [0x00000000c0000000,0x00000000c2d1c8e8,0x00000000c4300000)
 Metaspace       used 73058K, committed 74176K, reserved 1114112K
  class space    used 8950K, committed 9408K, reserved 1048576K
}
Event: 202.820 GC heap before
{Heap before GC invocations=128 (full 3):
 PSYoungGen      total 13312K, used 13309K [0x00000000eab00000, 0x00000000ebc80000, 0x0000000100000000)
  eden space 12800K, 100% used [0x00000000eab00000,0x00000000eb780000,0x00000000eb780000)
  from space 512K, 99% used [0x00000000eb980000,0x00000000eb9ff7b8,0x00000000eba00000)
  to   space 2048K, 0% used [0x00000000eb780000,0x00000000eb780000,0x00000000eb980000)
 ParOldGen       total 68608K, used 46194K [0x00000000c0000000, 0x00000000c4300000, 0x00000000eab00000)
  object space 68608K, 67% used [0x00000000c0000000,0x00000000c2d1c8e8,0x00000000c4300000)
 Metaspace       used 73193K, committed 74240K, reserved 1114112K
  class space    used 8972K, committed 9408K, reserved 1048576K
}
Event: 202.821 GC heap after
{Heap after GC invocations=128 (full 3):
 PSYoungGen      total 13312K, used 256K [0x00000000eab00000, 0x00000000eba00000, 0x0000000100000000)
  eden space 12800K, 0% used [0x00000000eab00000,0x00000000eab00000,0x00000000eb780000)
  from space 512K, 50% used [0x00000000eb780000,0x00000000eb7c0000,0x00000000eb800000)
  to   space 1024K, 0% used [0x00000000eb900000,0x00000000eb900000,0x00000000eba00000)
 ParOldGen       total 68608K, used 46484K [0x00000000c0000000, 0x00000000c4300000, 0x00000000eab00000)
  object space 68608K, 67% used [0x00000000c0000000,0x00000000c2d65090,0x00000000c4300000)
 Metaspace       used 73193K, committed 74240K, reserved 1114112K
  class space    used 8972K, committed 9408K, reserved 1048576K
}
Event: 203.969 GC heap before
{Heap before GC invocations=129 (full 3):
 PSYoungGen      total 13312K, used 13056K [0x00000000eab00000, 0x00000000eba00000, 0x0000000100000000)
  eden space 12800K, 100% used [0x00000000eab00000,0x00000000eb780000,0x00000000eb780000)
  from space 512K, 50% used [0x00000000eb780000,0x00000000eb7c0000,0x00000000eb800000)
  to   space 1024K, 0% used [0x00000000eb900000,0x00000000eb900000,0x00000000eba00000)
 ParOldGen       total 68608K, used 46484K [0x00000000c0000000, 0x00000000c4300000, 0x00000000eab00000)
  object space 68608K, 67% used [0x00000000c0000000,0x00000000c2d65090,0x00000000c4300000)
 Metaspace       used 73193K, committed 74240K, reserved 1114112K
  class space    used 8972K, committed 9408K, reserved 1048576K
}
Event: 203.970 GC heap after
{Heap after GC invocations=129 (full 3):
 PSYoungGen      total 13312K, used 224K [0x00000000eab00000, 0x00000000eb980000, 0x0000000100000000)
  eden space 12800K, 0% used [0x00000000eab00000,0x00000000eab00000,0x00000000eb780000)
  from space 512K, 43% used [0x00000000eb900000,0x00000000eb938000,0x00000000eb980000)
  to   space 512K, 0% used [0x00000000eb780000,0x00000000eb780000,0x00000000eb800000)
 ParOldGen       total 68608K, used 46560K [0x00000000c0000000, 0x00000000c4300000, 0x00000000eab00000)
  object space 68608K, 67% used [0x00000000c0000000,0x00000000c2d783c0,0x00000000c4300000)
 Metaspace       used 73193K, committed 74240K, reserved 1114112K
  class space    used 8972K, committed 9408K, reserved 1048576K
}
Event: 204.776 GC heap before
{Heap before GC invocations=130 (full 3):
 PSYoungGen      total 13312K, used 13024K [0x00000000eab00000, 0x00000000eb980000, 0x0000000100000000)
  eden space 12800K, 100% used [0x00000000eab00000,0x00000000eb780000,0x00000000eb780000)
  from space 512K, 43% used [0x00000000eb900000,0x00000000eb938000,0x00000000eb980000)
  to   space 512K, 0% used [0x00000000eb780000,0x00000000eb780000,0x00000000eb800000)
 ParOldGen       total 68608K, used 46560K [0x00000000c0000000, 0x00000000c4300000, 0x00000000eab00000)
  object space 68608K, 67% used [0x00000000c0000000,0x00000000c2d783c0,0x00000000c4300000)
 Metaspace       used 73202K, committed 74240K, reserved 1114112K
  class space    used 8973K, committed 9408K, reserved 1048576K
}
Event: 204.777 GC heap after
{Heap after GC invocations=130 (full 3):
 PSYoungGen      total 13312K, used 160K [0x00000000eab00000, 0x00000000eb980000, 0x0000000100000000)
  eden space 12800K, 0% used [0x00000000eab00000,0x00000000eab00000,0x00000000eb780000)
  from space 512K, 31% used [0x00000000eb780000,0x00000000eb7a8000,0x00000000eb800000)
  to   space 512K, 0% used [0x00000000eb900000,0x00000000eb900000,0x00000000eb980000)
 ParOldGen       total 68608K, used 46592K [0x00000000c0000000, 0x00000000c4300000, 0x00000000eab00000)
  object space 68608K, 67% used [0x00000000c0000000,0x00000000c2d803c0,0x00000000c4300000)
 Metaspace       used 73202K, committed 74240K, reserved 1114112K
  class space    used 8973K, committed 9408K, reserved 1048576K
}
Event: 205.215 GC heap before
{Heap before GC invocations=131 (full 3):
 PSYoungGen      total 13312K, used 12959K [0x00000000eab00000, 0x00000000eb980000, 0x0000000100000000)
  eden space 12800K, 99% used [0x00000000eab00000,0x00000000eb77ffd8,0x00000000eb780000)
  from space 512K, 31% used [0x00000000eb780000,0x00000000eb7a8000,0x00000000eb800000)
  to   space 512K, 0% used [0x00000000eb900000,0x00000000eb900000,0x00000000eb980000)
 ParOldGen       total 68608K, used 46592K [0x00000000c0000000, 0x00000000c4300000, 0x00000000eab00000)
  object space 68608K, 67% used [0x00000000c0000000,0x00000000c2d803c0,0x00000000c4300000)
 Metaspace       used 73964K, committed 75200K, reserved 1179648K
  class space    used 9073K, committed 9600K, reserved 1048576K
}
Event: 205.217 GC heap after
{Heap after GC invocations=131 (full 3):
 PSYoungGen      total 13312K, used 503K [0x00000000eab00000, 0x00000000eb980000, 0x0000000100000000)
  eden space 12800K, 0% used [0x00000000eab00000,0x00000000eab00000,0x00000000eb780000)
  from space 512K, 98% used [0x00000000eb900000,0x00000000eb97dfc8,0x00000000eb980000)
  to   space 1024K, 0% used [0x00000000eb780000,0x00000000eb780000,0x00000000eb880000)
 ParOldGen       total 68608K, used 46632K [0x00000000c0000000, 0x00000000c4300000, 0x00000000eab00000)
  object space 68608K, 67% used [0x00000000c0000000,0x00000000c2d8a3c0,0x00000000c4300000)
 Metaspace       used 73964K, committed 75200K, reserved 1179648K
  class space    used 9073K, committed 9600K, reserved 1048576K
}
Event: 235.577 GC heap before
{Heap before GC invocations=132 (full 3):
 PSYoungGen      total 13312K, used 13303K [0x00000000eab00000, 0x00000000eb980000, 0x0000000100000000)
  eden space 12800K, 100% used [0x00000000eab00000,0x00000000eb780000,0x00000000eb780000)
  from space 512K, 98% used [0x00000000eb900000,0x00000000eb97dfc8,0x00000000eb980000)
  to   space 1024K, 0% used [0x00000000eb780000,0x00000000eb780000,0x00000000eb880000)
 ParOldGen       total 68608K, used 46632K [0x00000000c0000000, 0x00000000c4300000, 0x00000000eab00000)
  object space 68608K, 67% used [0x00000000c0000000,0x00000000c2d8a3c0,0x00000000c4300000)
 Metaspace       used 74249K, committed 75456K, reserved 1179648K
  class space    used 9102K, committed 9664K, reserved 1048576K
}
Event: 235.580 GC heap after
{Heap after GC invocations=132 (full 3):
 PSYoungGen      total 13824K, used 352K [0x00000000eab00000, 0x00000000eb980000, 0x0000000100000000)
  eden space 12800K, 0% used [0x00000000eab00000,0x00000000eab00000,0x00000000eb780000)
  from space 1024K, 34% used [0x00000000eb780000,0x00000000eb7d8000,0x00000000eb880000)
  to   space 512K, 0% used [0x00000000eb900000,0x00000000eb900000,0x00000000eb980000)
 ParOldGen       total 68608K, used 47007K [0x00000000c0000000, 0x00000000c4300000, 0x00000000eab00000)
  object space 68608K, 68% used [0x00000000c0000000,0x00000000c2de7d18,0x00000000c4300000)
 Metaspace       used 74249K, committed 75456K, reserved 1179648K
  class space    used 9102K, committed 9664K, reserved 1048576K
}
Event: 238.583 GC heap before
{Heap before GC invocations=133 (full 3):
 PSYoungGen      total 13824K, used 13152K [0x00000000eab00000, 0x00000000eb980000, 0x0000000100000000)
  eden space 12800K, 100% used [0x00000000eab00000,0x00000000eb780000,0x00000000eb780000)
  from space 1024K, 34% used [0x00000000eb780000,0x00000000eb7d8000,0x00000000eb880000)
  to   space 512K, 0% used [0x00000000eb900000,0x00000000eb900000,0x00000000eb980000)
 ParOldGen       total 68608K, used 47007K [0x00000000c0000000, 0x00000000c4300000, 0x00000000eab00000)
  object space 68608K, 68% used [0x00000000c0000000,0x00000000c2de7d18,0x00000000c4300000)
 Metaspace       used 74255K, committed 75456K, reserved 1179648K
  class space    used 9102K, committed 9664K, reserved 1048576K
}
Event: 238.584 GC heap after
{Heap after GC invocations=133 (full 3):
 PSYoungGen      total 13312K, used 160K [0x00000000eab00000, 0x00000000eb980000, 0x0000000100000000)
  eden space 12800K, 0% used [0x00000000eab00000,0x00000000eab00000,0x00000000eb780000)
  from space 512K, 31% used [0x00000000eb900000,0x00000000eb928000,0x00000000eb980000)
  to   space 512K, 0% used [0x00000000eb880000,0x00000000eb880000,0x00000000eb900000)
 ParOldGen       total 68608K, used 47215K [0x00000000c0000000, 0x00000000c4300000, 0x00000000eab00000)
  object space 68608K, 68% used [0x00000000c0000000,0x00000000c2e1bd58,0x00000000c4300000)
 Metaspace       used 74255K, committed 75456K, reserved 1179648K
  class space    used 9102K, committed 9664K, reserved 1048576K
}
Event: 277.183 GC heap before
{Heap before GC invocations=134 (full 3):
 PSYoungGen      total 13312K, used 12938K [0x00000000eab00000, 0x00000000eb980000, 0x0000000100000000)
  eden space 12800K, 99% used [0x00000000eab00000,0x00000000eb77a8a0,0x00000000eb780000)
  from space 512K, 31% used [0x00000000eb900000,0x00000000eb928000,0x00000000eb980000)
  to   space 512K, 0% used [0x00000000eb880000,0x00000000eb880000,0x00000000eb900000)
 ParOldGen       total 68608K, used 47215K [0x00000000c0000000, 0x00000000c4300000, 0x00000000eab00000)
  object space 68608K, 68% used [0x00000000c0000000,0x00000000c2e1bd58,0x00000000c4300000)
 Metaspace       used 74425K, committed 75648K, reserved 1179648K
  class space    used 9128K, committed 9664K, reserved 1048576K
}
Event: 277.184 GC heap after
{Heap after GC invocations=134 (full 3):
 PSYoungGen      total 13312K, used 376K [0x00000000eab00000, 0x00000000eb980000, 0x0000000100000000)
  eden space 12800K, 0% used [0x00000000eab00000,0x00000000eab00000,0x00000000eb780000)
  from space 512K, 73% used [0x00000000eb880000,0x00000000eb8de038,0x00000000eb900000)
  to   space 512K, 0% used [0x00000000eb900000,0x00000000eb900000,0x00000000eb980000)
 ParOldGen       total 68608K, used 47271K [0x00000000c0000000, 0x00000000c4300000, 0x00000000eab00000)
  object space 68608K, 68% used [0x00000000c0000000,0x00000000c2e29d58,0x00000000c4300000)
 Metaspace       used 74425K, committed 75648K, reserved 1179648K
  class space    used 9128K, committed 9664K, reserved 1048576K
}

