# JRE version: OpenJDK Runtime Environment Temurin-17.0.12+7 (17.0.12+7) (build 17.0.12+7)
# Java VM: OpenJDK 64-Bit Server VM Temurin-17.0.12+7 (17.0.12+7, mixed mode, tiered, compressed oops, compressed class ptrs, g1 gc, windows-amd64)
GC Precious Log:
 CPUs: 8 total, 8 available
 Memory: 12121M
 Large Page Support: Disabled
 NUMA Support: Disabled
 Compressed Oops: Enabled (Zero based)
 Heap Region Size: 2M
 Heap Min Capacity: 8M
 Heap Initial Capacity: 190M
 Heap Max Capacity: 4G
 Pre-touch: Disabled
 Parallel Workers: 8
 Concurrent Workers: 2
 Concurrent Refinement Workers: 8
 Periodic GC: Disabled
Heap:
 garbage-first heap   total 489472K, used 283855K [0x0000000700000000, 0x0000000800000000)
  region size 2048K, 5 young (10240K), 5 survivors (10240K)
 Metaspace       used 179550K, committed 181056K, reserved 1245184K
  class space    used 23554K, committed 24256K, reserved 1048576K
GC Heap History (20 events):
Event: 60.776 GC heap after
{Heap after GC invocations=72 (full 0):
 garbage-first heap   total 432128K, used 155971K [0x0000000700000000, 0x0000000800000000)
  region size 2048K, 12 young (24576K), 12 survivors (24576K)
 Metaspace       used 146224K, committed 147328K, reserved 1179648K
  class space    used 19508K, committed 20032K, reserved 1048576K
}
Event: 67.088 GC heap before
{Heap before GC invocations=72 (full 0):
 garbage-first heap   total 432128K, used 325955K [0x0000000700000000, 0x0000000800000000)
  region size 2048K, 93 young (190464K), 12 survivors (24576K)
 Metaspace       used 148457K, committed 149632K, reserved 1179648K
  class space    used 19851K, committed 20416K, reserved 1048576K
}
Event: 67.123 GC heap after
{Heap after GC invocations=73 (full 0):
 garbage-first heap   total 432128K, used 187359K [0x0000000700000000, 0x0000000800000000)
  region size 2048K, 12 young (24576K), 12 survivors (24576K)
 Metaspace       used 148457K, committed 149632K, reserved 1179648K
  class space    used 19851K, committed 20416K, reserved 1048576K
}
Event: 73.331 GC heap before
{Heap before GC invocations=73 (full 0):
 garbage-first heap   total 432128K, used 328671K [0x0000000700000000, 0x0000000800000000)
  region size 2048K, 80 young (163840K), 12 survivors (24576K)
 Metaspace       used 149170K, committed 150464K, reserved 1179648K
  class space    used 19945K, committed 20544K, reserved 1048576K
}
Event: 73.352 GC heap after
{Heap after GC invocations=74 (full 0):
 garbage-first heap   total 432128K, used 212718K [0x0000000700000000, 0x0000000800000000)
  region size 2048K, 10 young (20480K), 10 survivors (20480K)
 Metaspace       used 149170K, committed 150464K, reserved 1179648K
  class space    used 19945K, committed 20544K, reserved 1048576K
}
Event: 95.066 GC heap before
{Heap before GC invocations=74 (full 0):
 garbage-first heap   total 432128K, used 331502K [0x0000000700000000, 0x0000000800000000)
  region size 2048K, 69 young (141312K), 10 survivors (20480K)
 Metaspace       used 155008K, committed 156224K, reserved 1245184K
  class space    used 20544K, committed 21120K, reserved 1048576K
}
Event: 95.084 GC heap after
{Heap after GC invocations=75 (full 0):
 garbage-first heap   total 432128K, used 229957K [0x0000000700000000, 0x0000000800000000)
  region size 2048K, 9 young (18432K), 9 survivors (18432K)
 Metaspace       used 155008K, committed 156224K, reserved 1245184K
  class space    used 20544K, committed 21120K, reserved 1048576K
}
Event: 95.915 GC heap before
{Heap before GC invocations=75 (full 0):
 garbage-first heap   total 432128K, used 338501K [0x0000000700000000, 0x0000000800000000)
  region size 2048K, 62 young (126976K), 9 survivors (18432K)
 Metaspace       used 159227K, committed 160448K, reserved 1245184K
  class space    used 21154K, committed 21696K, reserved 1048576K
}
Event: 95.929 GC heap after
{Heap after GC invocations=76 (full 0):
 garbage-first heap   total 432128K, used 236891K [0x0000000700000000, 0x0000000800000000)
  region size 2048K, 4 young (8192K), 4 survivors (8192K)
 Metaspace       used 159227K, committed 160448K, reserved 1245184K
  class space    used 21154K, committed 21696K, reserved 1048576K
}
Event: 96.617 GC heap before
{Heap before GC invocations=76 (full 0):
 garbage-first heap   total 432128K, used 347483K [0x0000000700000000, 0x0000000800000000)
  region size 2048K, 58 young (118784K), 4 survivors (8192K)
 Metaspace       used 160202K, committed 161536K, reserved 1245184K
  class space    used 21285K, committed 21888K, reserved 1048576K
}
Event: 96.637 GC heap after
{Heap after GC invocations=77 (full 0):
 garbage-first heap   total 432128K, used 249476K [0x0000000700000000, 0x0000000800000000)
  region size 2048K, 8 young (16384K), 8 survivors (16384K)
 Metaspace       used 160202K, committed 161536K, reserved 1245184K
  class space    used 21285K, committed 21888K, reserved 1048576K
}
Event: 97.170 GC heap before
{Heap before GC invocations=77 (full 0):
 garbage-first heap   total 432128K, used 351876K [0x0000000700000000, 0x0000000800000000)
  region size 2048K, 58 young (118784K), 8 survivors (16384K)
 Metaspace       used 160555K, committed 161920K, reserved 1245184K
  class space    used 21316K, committed 21952K, reserved 1048576K
}
Event: 97.193 GC heap after
{Heap after GC invocations=78 (full 0):
 garbage-first heap   total 432128K, used 264456K [0x0000000700000000, 0x0000000800000000)
  region size 2048K, 7 young (14336K), 7 survivors (14336K)
 Metaspace       used 160555K, committed 161920K, reserved 1245184K
  class space    used 21316K, committed 21952K, reserved 1048576K
}
Event: 126.231 GC heap before
{Heap before GC invocations=78 (full 0):
 garbage-first heap   total 432128K, used 352520K [0x0000000700000000, 0x0000000800000000)
  region size 2048K, 51 young (104448K), 7 survivors (14336K)
 Metaspace       used 164845K, committed 166208K, reserved 1245184K
  class space    used 21700K, committed 22336K, reserved 1048576K
}
Event: 126.245 GC heap after
{Heap after GC invocations=79 (full 0):
 garbage-first heap   total 432128K, used 272217K [0x0000000700000000, 0x0000000800000000)
  region size 2048K, 5 young (10240K), 5 survivors (10240K)
 Metaspace       used 164845K, committed 166208K, reserved 1245184K
  class space    used 21700K, committed 22336K, reserved 1048576K
}
Event: 179.980 GC heap before
{Heap before GC invocations=80 (full 0):
 garbage-first heap   total 489472K, used 356185K [0x0000000700000000, 0x0000000800000000)
  region size 2048K, 47 young (96256K), 5 survivors (10240K)
 Metaspace       used 166027K, committed 167488K, reserved 1245184K
  class space    used 21864K, committed 22528K, reserved 1048576K
}
Event: 179.994 GC heap after
{Heap after GC invocations=81 (full 0):
 garbage-first heap   total 489472K, used 278050K [0x0000000700000000, 0x0000000800000000)
  region size 2048K, 4 young (8192K), 4 survivors (8192K)
 Metaspace       used 166027K, committed 167488K, reserved 1245184K
  class space    used 21864K, committed 22528K, reserved 1048576K
}
Event: 180.329 GC heap before
{Heap before GC invocations=81 (full 0):
 garbage-first heap   total 489472K, used 290338K [0x0000000700000000, 0x0000000800000000)
  region size 2048K, 11 young (22528K), 4 survivors (8192K)
 Metaspace       used 166081K, committed 167552K, reserved 1245184K
  class space    used 21871K, committed 22528K, reserved 1048576K
}
Event: 180.345 GC heap after
{Heap after GC invocations=82 (full 0):
 garbage-first heap   total 489472K, used 275392K [0x0000000700000000, 0x0000000800000000)
  region size 2048K, 1 young (2048K), 1 survivors (2048K)
 Metaspace       used 166081K, committed 167552K, reserved 1245184K
  class space    used 21871K, committed 22528K, reserved 1048576K
}
Event: 182.831 GC heap before
{Heap before GC invocations=82 (full 0):
 garbage-first heap   total 489472K, used 400320K [0x0000000700000000, 0x0000000800000000)
  region size 2048K, 63 young (129024K), 1 survivors (2048K)
 Metaspace       used 179550K, committed 181056K, reserved 1245184K
  class space    used 23554K, committed 24256K, reserved 1048576K
}

