# JRE version: OpenJDK Runtime Environment Temurin-17.0.12+7 (17.0.12+7) (build 17.0.12+7)
# Java VM: OpenJDK 64-Bit Server VM Temurin-17.0.12+7 (17.0.12+7, mixed mode, tiered, compressed oops, compressed class ptrs, g1 gc, windows-amd64)
GC Precious Log:
 CPUs: 8 total, 8 available
 Memory: 12121M
 Large Page Support: Disabled
 NUMA Support: Disabled
 Compressed Oops: Enabled (Zero based)
 Heap Region Size: 2M
 Heap Min Capacity: 8M
 Heap Initial Capacity: 190M
 Heap Max Capacity: 4G
 Pre-touch: Disabled
 Parallel Workers: 8
 Concurrent Workers: 2
 Concurrent Refinement Workers: 8
 Periodic GC: Disabled
Heap:
 garbage-first heap   total 724992K, used 321987K [0x0000000700000000, 0x0000000800000000)
  region size 2048K, 62 young (126976K), 6 survivors (12288K)
 Metaspace       used 103900K, committed 105152K, reserved 1179648K
  class space    used 14228K, committed 14848K, reserved 1048576K
GC Heap History (20 events):
Event: 15.459 GC heap before
{Heap before GC invocations=50 (full 0):
 garbage-first heap   total 245760K, used 184078K [0x0000000700000000, 0x0000000800000000)
  region size 2048K, 27 young (55296K), 2 survivors (4096K)
 Metaspace       used 93921K, committed 94912K, reserved 1179648K
  class space    used 12984K, committed 13440K, reserved 1048576K
}
Event: 15.464 GC heap after
{Heap after GC invocations=51 (full 0):
 garbage-first heap   total 245760K, used 140055K [0x0000000700000000, 0x0000000800000000)
  region size 2048K, 4 young (8192K), 4 survivors (8192K)
 Metaspace       used 93921K, committed 94912K, reserved 1179648K
  class space    used 12984K, committed 13440K, reserved 1048576K
}
Event: 15.850 GC heap before
{Heap before GC invocations=51 (full 0):
 garbage-first heap   total 245760K, used 191255K [0x0000000700000000, 0x0000000800000000)
  region size 2048K, 30 young (61440K), 4 survivors (8192K)
 Metaspace       used 94292K, committed 95360K, reserved 1179648K
  class space    used 13030K, committed 13504K, reserved 1048576K
}
Event: 15.860 GC heap after
{Heap after GC invocations=52 (full 0):
 garbage-first heap   total 245760K, used 154146K [0x0000000700000000, 0x0000000800000000)
  region size 2048K, 4 young (8192K), 4 survivors (8192K)
 Metaspace       used 94292K, committed 95360K, reserved 1179648K
  class space    used 13030K, committed 13504K, reserved 1048576K
}
Event: 16.388 GC heap before
{Heap before GC invocations=53 (full 0):
 garbage-first heap   total 286720K, used 199202K [0x0000000700000000, 0x0000000800000000)
  region size 2048K, 24 young (49152K), 4 survivors (8192K)
 Metaspace       used 94529K, committed 95616K, reserved 1179648K
  class space    used 13055K, committed 13568K, reserved 1048576K
}
Event: 16.394 GC heap after
{Heap after GC invocations=54 (full 0):
 garbage-first heap   total 286720K, used 164654K [0x0000000700000000, 0x0000000800000000)
  region size 2048K, 3 young (6144K), 3 survivors (6144K)
 Metaspace       used 94529K, committed 95616K, reserved 1179648K
  class space    used 13055K, committed 13568K, reserved 1048576K
}
Event: 16.916 GC heap before
{Heap before GC invocations=54 (full 0):
 garbage-first heap   total 286720K, used 219950K [0x0000000700000000, 0x0000000800000000)
  region size 2048K, 30 young (61440K), 3 survivors (6144K)
 Metaspace       used 94842K, committed 95872K, reserved 1179648K
  class space    used 13097K, committed 13568K, reserved 1048576K
}
Event: 16.923 GC heap after
{Heap after GC invocations=55 (full 0):
 garbage-first heap   total 344064K, used 170692K [0x0000000700000000, 0x0000000800000000)
  region size 2048K, 3 young (6144K), 3 survivors (6144K)
 Metaspace       used 94842K, committed 95872K, reserved 1179648K
  class space    used 13097K, committed 13568K, reserved 1048576K
}
Event: 17.896 GC heap before
{Heap before GC invocations=56 (full 0):
 garbage-first heap   total 344064K, used 250564K [0x0000000700000000, 0x0000000800000000)
  region size 2048K, 43 young (88064K), 3 survivors (6144K)
 Metaspace       used 97283K, committed 98368K, reserved 1179648K
  class space    used 13313K, committed 13824K, reserved 1048576K
}
Event: 17.909 GC heap after
{Heap after GC invocations=57 (full 0):
 garbage-first heap   total 344064K, used 185531K [0x0000000700000000, 0x0000000800000000)
  region size 2048K, 6 young (12288K), 6 survivors (12288K)
 Metaspace       used 97283K, committed 98368K, reserved 1179648K
  class space    used 13313K, committed 13824K, reserved 1048576K
}
Event: 17.966 GC heap before
{Heap before GC invocations=57 (full 0):
 garbage-first heap   total 344064K, used 189627K [0x0000000700000000, 0x0000000800000000)
  region size 2048K, 8 young (16384K), 6 survivors (12288K)
 Metaspace       used 97725K, committed 98816K, reserved 1179648K
  class space    used 13376K, committed 13888K, reserved 1048576K
}
Event: 17.975 GC heap after
{Heap after GC invocations=58 (full 0):
 garbage-first heap   total 344064K, used 187873K [0x0000000700000000, 0x0000000800000000)
  region size 2048K, 1 young (2048K), 1 survivors (2048K)
 Metaspace       used 97725K, committed 98816K, reserved 1179648K
  class space    used 13376K, committed 13888K, reserved 1048576K
}
Event: 18.585 GC heap before
{Heap before GC invocations=58 (full 0):
 garbage-first heap   total 344064K, used 263649K [0x0000000700000000, 0x0000000800000000)
  region size 2048K, 38 young (77824K), 1 survivors (2048K)
 Metaspace       used 100966K, committed 102208K, reserved 1179648K
  class space    used 13844K, committed 14464K, reserved 1048576K
}
Event: 18.589 GC heap after
{Heap after GC invocations=59 (full 0):
 garbage-first heap   total 344064K, used 190973K [0x0000000700000000, 0x0000000800000000)
  region size 2048K, 3 young (6144K), 3 survivors (6144K)
 Metaspace       used 100966K, committed 102208K, reserved 1179648K
  class space    used 13844K, committed 14464K, reserved 1048576K
}
Event: 19.072 GC heap before
{Heap before GC invocations=60 (full 0):
 garbage-first heap   total 362496K, used 268797K [0x0000000700000000, 0x0000000800000000)
  region size 2048K, 41 young (83968K), 3 survivors (6144K)
 Metaspace       used 102794K, committed 104000K, reserved 1179648K
  class space    used 14104K, committed 14720K, reserved 1048576K
}
Event: 19.081 GC heap after
{Heap after GC invocations=61 (full 0):
 garbage-first heap   total 362496K, used 197466K [0x0000000700000000, 0x0000000800000000)
  region size 2048K, 6 young (12288K), 6 survivors (12288K)
 Metaspace       used 102794K, committed 104000K, reserved 1179648K
  class space    used 14104K, committed 14720K, reserved 1048576K
}
Event: 19.108 GC heap before
{Heap before GC invocations=61 (full 0):
 garbage-first heap   total 362496K, used 201562K [0x0000000700000000, 0x0000000800000000)
  region size 2048K, 8 young (16384K), 6 survivors (12288K)
 Metaspace       used 102823K, committed 104064K, reserved 1179648K
  class space    used 14107K, committed 14720K, reserved 1048576K
}
Event: 19.117 GC heap after
{Heap after GC invocations=62 (full 0):
 garbage-first heap   total 362496K, used 198626K [0x0000000700000000, 0x0000000800000000)
  region size 2048K, 1 young (2048K), 1 survivors (2048K)
 Metaspace       used 102823K, committed 104064K, reserved 1179648K
  class space    used 14107K, committed 14720K, reserved 1048576K
}
Event: 19.604 GC heap before
{Heap before GC invocations=62 (full 0):
 garbage-first heap   total 362496K, used 286690K [0x0000000700000000, 0x0000000800000000)
  region size 2048K, 44 young (90112K), 1 survivors (2048K)
 Metaspace       used 103401K, committed 104576K, reserved 1179648K
  class space    used 14176K, committed 14784K, reserved 1048576K
}
Event: 19.615 GC heap after
{Heap after GC invocations=63 (full 0):
 garbage-first heap   total 724992K, used 209347K [0x0000000700000000, 0x0000000800000000)
  region size 2048K, 6 young (12288K), 6 survivors (12288K)
 Metaspace       used 103401K, committed 104576K, reserved 1179648K
  class space    used 14176K, committed 14784K, reserved 1048576K
}

